2015-05-05 09:34:42,296 - __main__ - DEBUG - http://webservices.amazon.cn/onca/xml?AWSAccessKeyId=AKIAIHHC2SWWWSHKD7JA&AssociateTag=mousecat-23&Keywords=lego%2060044&Operation=ItemSearch&ResponseGroup=ItemAttributes%2COfferFull&SearchIndex=Toys&Service=AWSECommerceService&Timestamp=2015-05-05T09%3A34%3A42Z&Version=2011-08-01&Signature=JWpNZKH1KnpUx5dzos7oDallQb5ZV5%2BdiSBfR6JB%2F54%3D
2015-05-05 09:34:43,759 - __main__ - DEBUG - 24800
2015-05-05 09:37:08,070 - __main__ - DEBUG - http://webservices.amazon.cn/onca/xml?AWSAccessKeyId=AKIAIHHC2SWWWSHKD7JA&AssociateTag=mousecat-23&Keywords=lego%2060044&Operation=ItemSearch&ResponseGroup=ItemAttributes%2COfferFull&SearchIndex=Toys&Service=AWSECommerceService&Timestamp=2015-05-05T09%3A37%3A08Z&Version=2011-08-01&Signature=hhpEbMsfPvWQEtU8sKHfbhkNdZbh8OIIWOc%2BeZkfM%2FE%3D
2015-05-05 09:37:12,363 - __main__ - DEBUG - None
2015-05-05 09:37:12,363 - __main__ - DEBUG - http://webservices.amazon.com/onca/xml?AWSAccessKeyId=AKIAIHHC2SWWWSHKD7JA&AssociateTag=mousecat-20&Keywords=lego%2060046&MerchantId=Amazon&Operation=ItemSearch&ResponseGroup=ItemAttributes%2COfferFull&SearchIndex=Toys&Service=AWSECommerceService&Timestamp=2015-05-05T09%3A37%3A12Z&Version=2011-08-01&Signature=F3ebyyGgQQeTZOzUbEbeFPV00tlPZJ3JBJGn8hbjqxQ%3D
2015-05-05 09:37:14,680 - __main__ - DEBUG - 5099
2015-05-05 09:37:14,681 - __main__ - DEBUG - http://webservices.amazon.co.uk/onca/xml?AWSAccessKeyId=AKIAIHHC2SWWWSHKD7JA&AssociateTag=bb9800-21&Keywords=lego%2060044&MerchantId=Amazon&Operation=ItemSearch&ResponseGroup=ItemAttributes%2COfferFull&SearchIndex=Toys&Service=AWSECommerceService&Timestamp=2015-05-05T09%3A37%3A14Z&Version=2011-08-01&Signature=0QP6T0hDqafMdlrUqS5K%2BNqsLFfimp3DrQGtXqkZS%2Fo%3D
2015-05-05 09:37:18,086 - __main__ - DEBUG - 2199
2015-05-05 11:44:20,938 - __main__ - DEBUG - http://webservices.amazon.cn/onca/xml?AWSAccessKeyId=AKIAIHHC2SWWWSHKD7JA&AssociateTag=mousecat-23&Keywords=lego%2060044&Operation=ItemSearch&ResponseGroup=ItemAttributes%2COfferFull&SearchIndex=Toys&Service=AWSECommerceService&Timestamp=2015-05-05T11%3A44%3A17Z&Version=2011-08-01&Signature=GHs9FsW%2FfreV9nBBCMvMfX3jXNGdGC0hSDZ3bO%2FlUiM%3D
2015-05-05 11:44:20,962 - __main__ - DEBUG - 24800
2015-05-05 11:44:24,426 - __main__ - DEBUG - http://webservices.amazon.com/onca/xml?AWSAccessKeyId=AKIAIHHC2SWWWSHKD7JA&AssociateTag=mousecat-20&Keywords=lego%2060046&MerchantId=Amazon&Operation=ItemSearch&ResponseGroup=ItemAttributes%2COfferFull&SearchIndex=Toys&Service=AWSECommerceService&Timestamp=2015-05-05T11%3A44%3A20Z&Version=2011-08-01&Signature=mDPHyW9lWIKapnaAEQKD6AgQRCj4wfPBjXlSFEdpKgs%3D
2015-05-05 11:44:24,431 - __main__ - DEBUG - 5099
2015-05-05 11:44:42,593 - __main__ - DEBUG - http://webservices.amazon.co.uk/onca/xml?AWSAccessKeyId=AKIAIHHC2SWWWSHKD7JA&AssociateTag=bb9800-21&Keywords=lego%2060044&MerchantId=Amazon&Operation=ItemSearch&ResponseGroup=ItemAttributes%2COfferFull&SearchIndex=Toys&Service=AWSECommerceService&Timestamp=2015-05-05T11%3A44%3A24Z&Version=2011-08-01&Signature=p56kUYSKuRNHEouxYYODfDuJnYTIP1WwLafdEoKIy4w%3D
2015-05-05 11:44:42,599 - __main__ - DEBUG - 2199
2015-05-05 15:56:43,148 - amazon_price - DEBUG - http://webservices.amazon.cn/onca/xml?AWSAccessKeyId=AKIAIHHC2SWWWSHKD7JA&AssociateTag=mousecat-23&Keywords=lego%2075053&Operation=ItemSearch&ResponseGroup=ItemAttributes%2COfferFull&SearchIndex=Toys&Service=AWSECommerceService&Timestamp=2015-05-05T15%3A56%3A40Z&Version=2011-08-01&Signature=2Au0939yzBsUQBKsS%2Fw1wQw2QGpjggO38zCCijSNzlA%3D
2015-05-05 15:56:43,148 - amazon_price - DEBUG - 139900
2015-05-05 16:01:08,904 - amazon_price - DEBUG - http://webservices.amazon.cn/onca/xml?AWSAccessKeyId=AKIAIHHC2SWWWSHKD7JA&AssociateTag=mousecat-23&Keywords=lego%2060068&Operation=ItemSearch&ResponseGroup=ItemAttributes%2COfferFull&SearchIndex=Toys&Service=AWSECommerceService&Timestamp=2015-05-05T16%3A01%3A05Z&Version=2011-08-01&Signature=7nBBp1x7s%2FxALp3vTcMvUNsKlyDugZ6Ii7PIiQLODOA%3D
2015-05-05 16:01:08,904 - amazon_price - DEBUG - http://webservices.amazon.cn/onca/xml?AWSAccessKeyId=AKIAIHHC2SWWWSHKD7JA&AssociateTag=mousecat-23&Keywords=lego%2060068&Operation=ItemSearch&ResponseGroup=ItemAttributes%2COfferFull&SearchIndex=Toys&Service=AWSECommerceService&Timestamp=2015-05-05T16%3A01%3A05Z&Version=2011-08-01&Signature=7nBBp1x7s%2FxALp3vTcMvUNsKlyDugZ6Ii7PIiQLODOA%3D
2015-05-05 16:01:08,905 - amazon_price - DEBUG - None
2015-05-05 16:01:08,905 - amazon_price - DEBUG - None
2015-05-05 16:01:08,905 - amazon_price - DEBUG - <?xml version="1.0"?>
<ItemSearchErrorResponse xmlns="http://ecs.amazonaws.com/doc/2011-08-01/"><Error><Code>RequestThrottled</Code><Message>AWS Access Key ID: AKIAIHHC2SWWWSHKD7JA. You are submitting requests too quickly. Please retry your requests at a slower rate.</Message></Error><RequestId>45dd1ff4-374d-4320-ab37-4c95309f34b7</RequestId></ItemSearchErrorResponse>
2015-05-05 16:01:08,905 - amazon_price - DEBUG - <?xml version="1.0"?>
<ItemSearchErrorResponse xmlns="http://ecs.amazonaws.com/doc/2011-08-01/"><Error><Code>RequestThrottled</Code><Message>AWS Access Key ID: AKIAIHHC2SWWWSHKD7JA. You are submitting requests too quickly. Please retry your requests at a slower rate.</Message></Error><RequestId>45dd1ff4-374d-4320-ab37-4c95309f34b7</RequestId></ItemSearchErrorResponse>
2015-05-05 16:01:35,591 - amazon_price - DEBUG - http://webservices.amazon.cn/onca/xml?AWSAccessKeyId=AKIAIHHC2SWWWSHKD7JA&AssociateTag=mousecat-23&Keywords=lego%2060046&Operation=ItemSearch&ResponseGroup=ItemAttributes%2COfferFull&SearchIndex=Toys&Service=AWSECommerceService&Timestamp=2015-05-05T16%3A01%3A32Z&Version=2011-08-01&Signature=TnBXjW3lej8qPjAKMXnHAfS9Ev%2BtRfF7KtlCUZyIYgs%3D
2015-05-05 16:01:35,591 - amazon_price - DEBUG - http://webservices.amazon.cn/onca/xml?AWSAccessKeyId=AKIAIHHC2SWWWSHKD7JA&AssociateTag=mousecat-23&Keywords=lego%2060046&Operation=ItemSearch&ResponseGroup=ItemAttributes%2COfferFull&SearchIndex=Toys&Service=AWSECommerceService&Timestamp=2015-05-05T16%3A01%3A32Z&Version=2011-08-01&Signature=TnBXjW3lej8qPjAKMXnHAfS9Ev%2BtRfF7KtlCUZyIYgs%3D
2015-05-05 16:01:35,591 - amazon_price - DEBUG - http://webservices.amazon.cn/onca/xml?AWSAccessKeyId=AKIAIHHC2SWWWSHKD7JA&AssociateTag=mousecat-23&Keywords=lego%2060046&Operation=ItemSearch&ResponseGroup=ItemAttributes%2COfferFull&SearchIndex=Toys&Service=AWSECommerceService&Timestamp=2015-05-05T16%3A01%3A32Z&Version=2011-08-01&Signature=TnBXjW3lej8qPjAKMXnHAfS9Ev%2BtRfF7KtlCUZyIYgs%3D
2015-05-05 16:01:35,592 - amazon_price - DEBUG - None
2015-05-05 16:01:35,592 - amazon_price - DEBUG - None
2015-05-05 16:01:35,592 - amazon_price - DEBUG - None
2015-05-05 16:01:35,593 - amazon_price - DEBUG - <?xml version="1.0"?>
<ItemSearchErrorResponse xmlns="http://ecs.amazonaws.com/doc/2011-08-01/"><Error><Code>RequestThrottled</Code><Message>AWS Access Key ID: AKIAIHHC2SWWWSHKD7JA. You are submitting requests too quickly. Please retry your requests at a slower rate.</Message></Error><RequestId>3287773b-0b9d-45f7-b5d8-b545abe8857b</RequestId></ItemSearchErrorResponse>
2015-05-05 16:01:35,593 - amazon_price - DEBUG - <?xml version="1.0"?>
<ItemSearchErrorResponse xmlns="http://ecs.amazonaws.com/doc/2011-08-01/"><Error><Code>RequestThrottled</Code><Message>AWS Access Key ID: AKIAIHHC2SWWWSHKD7JA. You are submitting requests too quickly. Please retry your requests at a slower rate.</Message></Error><RequestId>3287773b-0b9d-45f7-b5d8-b545abe8857b</RequestId></ItemSearchErrorResponse>
2015-05-05 16:01:35,593 - amazon_price - DEBUG - <?xml version="1.0"?>
<ItemSearchErrorResponse xmlns="http://ecs.amazonaws.com/doc/2011-08-01/"><Error><Code>RequestThrottled</Code><Message>AWS Access Key ID: AKIAIHHC2SWWWSHKD7JA. You are submitting requests too quickly. Please retry your requests at a slower rate.</Message></Error><RequestId>3287773b-0b9d-45f7-b5d8-b545abe8857b</RequestId></ItemSearchErrorResponse>
2015-05-05 16:01:48,131 - amazon_price - DEBUG - http://webservices.amazon.cn/onca/xml?AWSAccessKeyId=AKIAIHHC2SWWWSHKD7JA&AssociateTag=mousecat-23&Keywords=lego%2060069&Operation=ItemSearch&ResponseGroup=ItemAttributes%2COfferFull&SearchIndex=Toys&Service=AWSECommerceService&Timestamp=2015-05-05T16%3A01%3A46Z&Version=2011-08-01&Signature=nD%2BZAOzoLuuSN8RfZbLih8hu9SMNDv531vd%2BDabUn%2BI%3D
2015-05-05 16:01:48,131 - amazon_price - DEBUG - http://webservices.amazon.cn/onca/xml?AWSAccessKeyId=AKIAIHHC2SWWWSHKD7JA&AssociateTag=mousecat-23&Keywords=lego%2060069&Operation=ItemSearch&ResponseGroup=ItemAttributes%2COfferFull&SearchIndex=Toys&Service=AWSECommerceService&Timestamp=2015-05-05T16%3A01%3A46Z&Version=2011-08-01&Signature=nD%2BZAOzoLuuSN8RfZbLih8hu9SMNDv531vd%2BDabUn%2BI%3D
2015-05-05 16:01:48,131 - amazon_price - DEBUG - http://webservices.amazon.cn/onca/xml?AWSAccessKeyId=AKIAIHHC2SWWWSHKD7JA&AssociateTag=mousecat-23&Keywords=lego%2060069&Operation=ItemSearch&ResponseGroup=ItemAttributes%2COfferFull&SearchIndex=Toys&Service=AWSECommerceService&Timestamp=2015-05-05T16%3A01%3A46Z&Version=2011-08-01&Signature=nD%2BZAOzoLuuSN8RfZbLih8hu9SMNDv531vd%2BDabUn%2BI%3D
2015-05-05 16:01:48,131 - amazon_price - DEBUG - http://webservices.amazon.cn/onca/xml?AWSAccessKeyId=AKIAIHHC2SWWWSHKD7JA&AssociateTag=mousecat-23&Keywords=lego%2060069&Operation=ItemSearch&ResponseGroup=ItemAttributes%2COfferFull&SearchIndex=Toys&Service=AWSECommerceService&Timestamp=2015-05-05T16%3A01%3A46Z&Version=2011-08-01&Signature=nD%2BZAOzoLuuSN8RfZbLih8hu9SMNDv531vd%2BDabUn%2BI%3D
2015-05-05 16:01:48,132 - amazon_price - DEBUG - None
2015-05-05 16:01:48,132 - amazon_price - DEBUG - None
2015-05-05 16:01:48,132 - amazon_price - DEBUG - None
2015-05-05 16:01:48,132 - amazon_price - DEBUG - None
2015-05-05 16:01:48,133 - amazon_price - DEBUG - <?xml version="1.0"?>
<ItemSearchErrorResponse xmlns="http://ecs.amazonaws.com/doc/2011-08-01/"><Error><Code>RequestThrottled</Code><Message>AWS Access Key ID: AKIAIHHC2SWWWSHKD7JA. You are submitting requests too quickly. Please retry your requests at a slower rate.</Message></Error><RequestId>ec5f55d1-ed94-49f7-a132-f884f4358ccf</RequestId></ItemSearchErrorResponse>
2015-05-05 16:01:48,133 - amazon_price - DEBUG - <?xml version="1.0"?>
<ItemSearchErrorResponse xmlns="http://ecs.amazonaws.com/doc/2011-08-01/"><Error><Code>RequestThrottled</Code><Message>AWS Access Key ID: AKIAIHHC2SWWWSHKD7JA. You are submitting requests too quickly. Please retry your requests at a slower rate.</Message></Error><RequestId>ec5f55d1-ed94-49f7-a132-f884f4358ccf</RequestId></ItemSearchErrorResponse>
2015-05-05 16:01:48,133 - amazon_price - DEBUG - <?xml version="1.0"?>
<ItemSearchErrorResponse xmlns="http://ecs.amazonaws.com/doc/2011-08-01/"><Error><Code>RequestThrottled</Code><Message>AWS Access Key ID: AKIAIHHC2SWWWSHKD7JA. You are submitting requests too quickly. Please retry your requests at a slower rate.</Message></Error><RequestId>ec5f55d1-ed94-49f7-a132-f884f4358ccf</RequestId></ItemSearchErrorResponse>
2015-05-05 16:01:48,133 - amazon_price - DEBUG - <?xml version="1.0"?>
<ItemSearchErrorResponse xmlns="http://ecs.amazonaws.com/doc/2011-08-01/"><Error><Code>RequestThrottled</Code><Message>AWS Access Key ID: AKIAIHHC2SWWWSHKD7JA. You are submitting requests too quickly. Please retry your requests at a slower rate.</Message></Error><RequestId>ec5f55d1-ed94-49f7-a132-f884f4358ccf</RequestId></ItemSearchErrorResponse>
2015-05-05 16:02:01,078 - amazon_price - DEBUG - http://webservices.amazon.cn/onca/xml?AWSAccessKeyId=AKIAIHHC2SWWWSHKD7JA&AssociateTag=mousecat-23&Keywords=lego%2070164&Operation=ItemSearch&ResponseGroup=ItemAttributes%2COfferFull&SearchIndex=Toys&Service=AWSECommerceService&Timestamp=2015-05-05T16%3A01%3A58Z&Version=2011-08-01&Signature=z0tskiHydfTE9htcGvtYDHz0XEejgCLxgyv%2F%2FOGSXAQ%3D
2015-05-05 16:02:01,078 - amazon_price - DEBUG - http://webservices.amazon.cn/onca/xml?AWSAccessKeyId=AKIAIHHC2SWWWSHKD7JA&AssociateTag=mousecat-23&Keywords=lego%2070164&Operation=ItemSearch&ResponseGroup=ItemAttributes%2COfferFull&SearchIndex=Toys&Service=AWSECommerceService&Timestamp=2015-05-05T16%3A01%3A58Z&Version=2011-08-01&Signature=z0tskiHydfTE9htcGvtYDHz0XEejgCLxgyv%2F%2FOGSXAQ%3D
2015-05-05 16:02:01,078 - amazon_price - DEBUG - http://webservices.amazon.cn/onca/xml?AWSAccessKeyId=AKIAIHHC2SWWWSHKD7JA&AssociateTag=mousecat-23&Keywords=lego%2070164&Operation=ItemSearch&ResponseGroup=ItemAttributes%2COfferFull&SearchIndex=Toys&Service=AWSECommerceService&Timestamp=2015-05-05T16%3A01%3A58Z&Version=2011-08-01&Signature=z0tskiHydfTE9htcGvtYDHz0XEejgCLxgyv%2F%2FOGSXAQ%3D
2015-05-05 16:02:01,078 - amazon_price - DEBUG - http://webservices.amazon.cn/onca/xml?AWSAccessKeyId=AKIAIHHC2SWWWSHKD7JA&AssociateTag=mousecat-23&Keywords=lego%2070164&Operation=ItemSearch&ResponseGroup=ItemAttributes%2COfferFull&SearchIndex=Toys&Service=AWSECommerceService&Timestamp=2015-05-05T16%3A01%3A58Z&Version=2011-08-01&Signature=z0tskiHydfTE9htcGvtYDHz0XEejgCLxgyv%2F%2FOGSXAQ%3D
2015-05-05 16:02:01,078 - amazon_price - DEBUG - http://webservices.amazon.cn/onca/xml?AWSAccessKeyId=AKIAIHHC2SWWWSHKD7JA&AssociateTag=mousecat-23&Keywords=lego%2070164&Operation=ItemSearch&ResponseGroup=ItemAttributes%2COfferFull&SearchIndex=Toys&Service=AWSECommerceService&Timestamp=2015-05-05T16%3A01%3A58Z&Version=2011-08-01&Signature=z0tskiHydfTE9htcGvtYDHz0XEejgCLxgyv%2F%2FOGSXAQ%3D
2015-05-05 16:02:01,078 - amazon_price - DEBUG - 76800
2015-05-05 16:02:01,078 - amazon_price - DEBUG - 76800
2015-05-05 16:02:01,078 - amazon_price - DEBUG - 76800
2015-05-05 16:02:01,078 - amazon_price - DEBUG - 76800
2015-05-05 16:02:01,078 - amazon_price - DEBUG - 76800
